<?xml version="1.0" encoding="UTF-8"?>
<testsuite xmlns:xsi="http://www.w3.org/2001/XMLSchema-instance" xsi:noNamespaceSchemaLocation="https://maven.apache.org/surefire/maven-surefire-plugin/xsd/surefire-test-report-3.0.xsd" version="3.0" name="com.test.test_case.GxGzTest" time="7.223" tests="13" errors="0" skipped="0" failures="0">
  <properties>
    <property name="gopherProxySet" value="false"/>
    <property name="awt.toolkit" value="sun.lwawt.macosx.LWCToolkit"/>
    <property name="socksProxyHost" value="127.0.0.1"/>
    <property name="http.proxyHost" value="127.0.0.1"/>
    <property name="java.specification.version" value="1.8"/>
    <property name="file.encoding.pkg" value="sun.io"/>
    <property name="sun.cpu.isalist" value=""/>
    <property name="sun.jnu.encoding" value="UTF-8"/>
    <property name="java.class.path" value="/Users/senh/Documents/workspace/Utils/target/test-classes:/Users/senh/Documents/workspace/Utils/target/classes:/Users/senh/Documents/env/maven/jar/com/squareup/okhttp3/okhttp/4.10.0/okhttp-4.10.0.jar:/Users/senh/Documents/env/maven/jar/com/squareup/okio/okio-jvm/3.0.0/okio-jvm-3.0.0.jar:/Users/senh/Documents/env/maven/jar/org/jetbrains/kotlin/kotlin-stdlib-jdk8/1.5.31/kotlin-stdlib-jdk8-1.5.31.jar:/Users/senh/Documents/env/maven/jar/org/jetbrains/kotlin/kotlin-stdlib-jdk7/1.5.31/kotlin-stdlib-jdk7-1.5.31.jar:/Users/senh/Documents/env/maven/jar/org/jetbrains/kotlin/kotlin-stdlib-common/1.5.31/kotlin-stdlib-common-1.5.31.jar:/Users/senh/Documents/env/maven/jar/org/jetbrains/kotlin/kotlin-stdlib/1.6.20/kotlin-stdlib-1.6.20.jar:/Users/senh/Documents/env/maven/jar/org/jetbrains/annotations/13.0/annotations-13.0.jar:/Users/senh/Documents/env/maven/jar/com/alibaba/fastjson2/fastjson2/2.0.38/fastjson2-2.0.38.jar:/Users/senh/Documents/env/maven/jar/org/junit/jupiter/junit-jupiter/5.10.0/junit-jupiter-5.10.0.jar:/Users/senh/Documents/env/maven/jar/org/junit/jupiter/junit-jupiter-api/5.10.0/junit-jupiter-api-5.10.0.jar:/Users/senh/Documents/env/maven/jar/org/opentest4j/opentest4j/1.3.0/opentest4j-1.3.0.jar:/Users/senh/Documents/env/maven/jar/org/junit/platform/junit-platform-commons/1.10.0/junit-platform-commons-1.10.0.jar:/Users/senh/Documents/env/maven/jar/org/junit/jupiter/junit-jupiter-params/5.10.0/junit-jupiter-params-5.10.0.jar:/Users/senh/Documents/env/maven/jar/org/junit/jupiter/junit-jupiter-engine/5.10.0/junit-jupiter-engine-5.10.0.jar:/Users/senh/Documents/env/maven/jar/org/junit/platform/junit-platform-engine/1.10.0/junit-platform-engine-1.10.0.jar:/Users/senh/Documents/env/maven/jar/org/apiguardian/apiguardian-api/1.1.2/apiguardian-api-1.1.2.jar:/Users/senh/Documents/env/maven/jar/org/junit/platform/junit-platform-suite-engine/1.10.0/junit-platform-suite-engine-1.10.0.jar:/Users/senh/Documents/env/maven/jar/org/junit/platform/junit-platform-suite-api/1.10.0/junit-platform-suite-api-1.10.0.jar:/Users/senh/Documents/env/maven/jar/org/junit/platform/junit-platform-suite-commons/1.10.0/junit-platform-suite-commons-1.10.0.jar:/Users/senh/Documents/env/maven/jar/io/qameta/allure/allure-junit5/2.24.0/allure-junit5-2.24.0.jar:/Users/senh/Documents/env/maven/jar/io/qameta/allure/allure-junit-platform/2.24.0/allure-junit-platform-2.24.0.jar:/Users/senh/Documents/env/maven/jar/io/qameta/allure/allure-java-commons/2.24.0/allure-java-commons-2.24.0.jar:/Users/senh/Documents/env/maven/jar/org/slf4j/slf4j-api/1.7.36/slf4j-api-1.7.36.jar:/Users/senh/Documents/env/maven/jar/io/qameta/allure/allure-model/2.24.0/allure-model-2.24.0.jar:/Users/senh/Documents/env/maven/jar/io/qameta/allure/allure-test-filter/2.24.0/allure-test-filter-2.24.0.jar:/Users/senh/Documents/env/maven/jar/org/junit/platform/junit-platform-launcher/1.9.2/junit-platform-launcher-1.9.2.jar:"/>
    <property name="https.proxyPort" value="7890"/>
    <property name="java.vm.vendor" value="Oracle Corporation"/>
    <property name="sun.arch.data.model" value="64"/>
    <property name="java.vendor.url" value="http://java.oracle.com/"/>
    <property name="user.timezone" value="Asia/Shanghai"/>
    <property name="java.vm.specification.version" value="1.8"/>
    <property name="os.name" value="Mac OS X"/>
    <property name="user.country" value="CN"/>
    <property name="sun.java.launcher" value="SUN_STANDARD"/>
    <property name="sun.boot.library.path" value="/Library/Java/JavaVirtualMachines/jdk1.8.0_321.jdk/Contents/Home/jre/lib"/>
    <property name="sun.java.command" value="/Users/senh/Documents/workspace/Utils/target/surefire/surefirebooter-20230912220322736_3.jar /Users/senh/Documents/workspace/Utils/target/surefire 2023-09-12T22-03-22_579-jvmRun1 surefire-20230912220322736_1tmp surefire_0-20230912220322736_2tmp"/>
    <property name="http.nonProxyHosts" value="192.168.0.0/16|*.192.168.0.0/16|10.0.0.0/8|*.10.0.0.0/8|172.16.0.0/12|*.172.16.0.0/12|127.0.0.1|localhost|*.localhost|local|*.local|timestamp.apple.com|*.timestamp.apple.com|sequoia.apple.com|*.sequoia.apple.com|seed-sequoia.siri.apple.com|*.seed-sequoia.siri.apple.com"/>
    <property name="surefire.test.class.path" value="/Users/senh/Documents/workspace/Utils/target/test-classes:/Users/senh/Documents/workspace/Utils/target/classes:/Users/senh/Documents/env/maven/jar/com/squareup/okhttp3/okhttp/4.10.0/okhttp-4.10.0.jar:/Users/senh/Documents/env/maven/jar/com/squareup/okio/okio-jvm/3.0.0/okio-jvm-3.0.0.jar:/Users/senh/Documents/env/maven/jar/org/jetbrains/kotlin/kotlin-stdlib-jdk8/1.5.31/kotlin-stdlib-jdk8-1.5.31.jar:/Users/senh/Documents/env/maven/jar/org/jetbrains/kotlin/kotlin-stdlib-jdk7/1.5.31/kotlin-stdlib-jdk7-1.5.31.jar:/Users/senh/Documents/env/maven/jar/org/jetbrains/kotlin/kotlin-stdlib-common/1.5.31/kotlin-stdlib-common-1.5.31.jar:/Users/senh/Documents/env/maven/jar/org/jetbrains/kotlin/kotlin-stdlib/1.6.20/kotlin-stdlib-1.6.20.jar:/Users/senh/Documents/env/maven/jar/org/jetbrains/annotations/13.0/annotations-13.0.jar:/Users/senh/Documents/env/maven/jar/com/alibaba/fastjson2/fastjson2/2.0.38/fastjson2-2.0.38.jar:/Users/senh/Documents/env/maven/jar/org/junit/jupiter/junit-jupiter/5.10.0/junit-jupiter-5.10.0.jar:/Users/senh/Documents/env/maven/jar/org/junit/jupiter/junit-jupiter-api/5.10.0/junit-jupiter-api-5.10.0.jar:/Users/senh/Documents/env/maven/jar/org/opentest4j/opentest4j/1.3.0/opentest4j-1.3.0.jar:/Users/senh/Documents/env/maven/jar/org/junit/platform/junit-platform-commons/1.10.0/junit-platform-commons-1.10.0.jar:/Users/senh/Documents/env/maven/jar/org/junit/jupiter/junit-jupiter-params/5.10.0/junit-jupiter-params-5.10.0.jar:/Users/senh/Documents/env/maven/jar/org/junit/jupiter/junit-jupiter-engine/5.10.0/junit-jupiter-engine-5.10.0.jar:/Users/senh/Documents/env/maven/jar/org/junit/platform/junit-platform-engine/1.10.0/junit-platform-engine-1.10.0.jar:/Users/senh/Documents/env/maven/jar/org/apiguardian/apiguardian-api/1.1.2/apiguardian-api-1.1.2.jar:/Users/senh/Documents/env/maven/jar/org/junit/platform/junit-platform-suite-engine/1.10.0/junit-platform-suite-engine-1.10.0.jar:/Users/senh/Documents/env/maven/jar/org/junit/platform/junit-platform-suite-api/1.10.0/junit-platform-suite-api-1.10.0.jar:/Users/senh/Documents/env/maven/jar/org/junit/platform/junit-platform-suite-commons/1.10.0/junit-platform-suite-commons-1.10.0.jar:/Users/senh/Documents/env/maven/jar/io/qameta/allure/allure-junit5/2.24.0/allure-junit5-2.24.0.jar:/Users/senh/Documents/env/maven/jar/io/qameta/allure/allure-junit-platform/2.24.0/allure-junit-platform-2.24.0.jar:/Users/senh/Documents/env/maven/jar/io/qameta/allure/allure-java-commons/2.24.0/allure-java-commons-2.24.0.jar:/Users/senh/Documents/env/maven/jar/org/slf4j/slf4j-api/1.7.36/slf4j-api-1.7.36.jar:/Users/senh/Documents/env/maven/jar/io/qameta/allure/allure-model/2.24.0/allure-model-2.24.0.jar:/Users/senh/Documents/env/maven/jar/io/qameta/allure/allure-test-filter/2.24.0/allure-test-filter-2.24.0.jar:/Users/senh/Documents/env/maven/jar/org/junit/platform/junit-platform-launcher/1.9.2/junit-platform-launcher-1.9.2.jar:"/>
    <property name="sun.cpu.endian" value="little"/>
    <property name="user.home" value="/Users/senh"/>
    <property name="user.language" value="zh"/>
    <property name="java.specification.vendor" value="Oracle Corporation"/>
    <property name="java.home" value="/Library/Java/JavaVirtualMachines/jdk1.8.0_321.jdk/Contents/Home/jre"/>
    <property name="basedir" value="/Users/senh/Documents/workspace/Utils"/>
    <property name="https.proxyHost" value="127.0.0.1"/>
    <property name="file.separator" value="/"/>
    <property name="line.separator" value="&#10;"/>
    <property name="java.vm.specification.vendor" value="Oracle Corporation"/>
    <property name="java.specification.name" value="Java Platform API Specification"/>
    <property name="java.awt.graphicsenv" value="sun.awt.CGraphicsEnvironment"/>
    <property name="surefire.real.class.path" value="/Users/senh/Documents/workspace/Utils/target/surefire/surefirebooter-20230912220322736_3.jar"/>
    <property name="sun.boot.class.path" value="/Library/Java/JavaVirtualMachines/jdk1.8.0_321.jdk/Contents/Home/jre/lib/resources.jar:/Library/Java/JavaVirtualMachines/jdk1.8.0_321.jdk/Contents/Home/jre/lib/rt.jar:/Library/Java/JavaVirtualMachines/jdk1.8.0_321.jdk/Contents/Home/jre/lib/sunrsasign.jar:/Library/Java/JavaVirtualMachines/jdk1.8.0_321.jdk/Contents/Home/jre/lib/jsse.jar:/Library/Java/JavaVirtualMachines/jdk1.8.0_321.jdk/Contents/Home/jre/lib/jce.jar:/Library/Java/JavaVirtualMachines/jdk1.8.0_321.jdk/Contents/Home/jre/lib/charsets.jar:/Library/Java/JavaVirtualMachines/jdk1.8.0_321.jdk/Contents/Home/jre/lib/jfr.jar:/Library/Java/JavaVirtualMachines/jdk1.8.0_321.jdk/Contents/Home/jre/classes"/>
    <property name="sun.management.compiler" value="HotSpot 64-Bit Tiered Compilers"/>
    <property name="ftp.nonProxyHosts" value="192.168.0.0/16|*.192.168.0.0/16|10.0.0.0/8|*.10.0.0.0/8|172.16.0.0/12|*.172.16.0.0/12|127.0.0.1|localhost|*.localhost|local|*.local|timestamp.apple.com|*.timestamp.apple.com|sequoia.apple.com|*.sequoia.apple.com|seed-sequoia.siri.apple.com|*.seed-sequoia.siri.apple.com"/>
    <property name="java.runtime.version" value="1.8.0_321-b07"/>
    <property name="user.name" value="senh"/>
    <property name="path.separator" value=":"/>
    <property name="os.version" value="13.2.1"/>
    <property name="java.endorsed.dirs" value="/Library/Java/JavaVirtualMachines/jdk1.8.0_321.jdk/Contents/Home/jre/lib/endorsed"/>
    <property name="java.runtime.name" value="Java(TM) SE Runtime Environment"/>
    <property name="file.encoding" value="UTF-8"/>
    <property name="java.vm.name" value="Java HotSpot(TM) 64-Bit Server VM"/>
    <property name="localRepository" value="/Users/senh/Documents/env/maven/jar"/>
    <property name="java.vendor.url.bug" value="http://bugreport.sun.com/bugreport/"/>
    <property name="java.io.tmpdir" value="/var/folders/qq/rq1n_4t13b552m6zbt24k9480000gn/T/"/>
    <property name="java.version" value="1.8.0_321"/>
    <property name="user.dir" value="/Users/senh/Documents/workspace/Utils"/>
    <property name="os.arch" value="x86_64"/>
    <property name="socksProxyPort" value="7890"/>
    <property name="java.vm.specification.name" value="Java Virtual Machine Specification"/>
    <property name="java.awt.printerjob" value="sun.lwawt.macosx.CPrinterJob"/>
    <property name="sun.os.patch.level" value="unknown"/>
    <property name="java.library.path" value="/Users/senh/Library/Java/Extensions:/Library/Java/Extensions:/Network/Library/Java/Extensions:/System/Library/Java/Extensions:/usr/lib/java:."/>
    <property name="java.vm.info" value="mixed mode"/>
    <property name="java.vendor" value="Oracle Corporation"/>
    <property name="java.vm.version" value="25.321-b07"/>
    <property name="java.ext.dirs" value="/Users/senh/Library/Java/Extensions:/Library/Java/JavaVirtualMachines/jdk1.8.0_321.jdk/Contents/Home/jre/lib/ext:/Library/Java/Extensions:/Network/Library/Java/Extensions:/System/Library/Java/Extensions:/usr/lib/java"/>
    <property name="sun.io.unicode.encoding" value="UnicodeBig"/>
    <property name="java.class.version" value="52.0"/>
    <property name="socksNonProxyHosts" value="192.168.0.0/16|*.192.168.0.0/16|10.0.0.0/8|*.10.0.0.0/8|172.16.0.0/12|*.172.16.0.0/12|127.0.0.1|localhost|*.localhost|local|*.local|timestamp.apple.com|*.timestamp.apple.com|sequoia.apple.com|*.sequoia.apple.com|seed-sequoia.siri.apple.com|*.seed-sequoia.siri.apple.com"/>
    <property name="http.proxyPort" value="7890"/>
  </properties>
  <testcase name="testGX(String)[1]" classname="com.test.test_case.GxGzTest" time="1.0">
    <system-out><![CDATA[南宁:{"nums":49,"cityid":"101300101","city":"南宁","date":"2023-09-12","week":"星期二","update_time":"21:45","wea":"多云","wea_img":"yun","tem":"25","tem_day":"29","tem_night":"24","win":"东风","win_speed":"2级","win_meter":"9km\/h","air":"59","pressure":"983","humidity":"97%"}
]]></system-out>
    <system-err><![CDATA[SLF4J: Failed to load class "org.slf4j.impl.StaticLoggerBinder".
SLF4J: Defaulting to no-operation (NOP) logger implementation
SLF4J: See http://www.slf4j.org/codes.html#StaticLoggerBinder for further details.
]]></system-err>
  </testcase>
  <testcase name="testGX(String)[2]" classname="com.test.test_case.GxGzTest" time="0.525">
    <system-out><![CDATA[柳州:{"nums":50,"cityid":"101300301","city":"柳州","date":"2023-09-12","week":"星期二","update_time":"21:47","wea":"多云","wea_img":"yun","tem":"25","tem_day":"31","tem_night":"24","win":"西北风","win_speed":"2级","win_meter":"9km\/h","air":"45","pressure":"972","humidity":"100%"}
]]></system-out>
  </testcase>
  <testcase name="testGX(String)[3]" classname="com.test.test_case.GxGzTest" time="0.309">
    <system-out><![CDATA[桂林:{"nums":51,"cityid":"101300501","city":"桂林","date":"2023-09-12","week":"星期二","update_time":"21:48","wea":"多云","wea_img":"yun","tem":"27","tem_day":"30","tem_night":"24","win":"东南风","win_speed":"1级","win_meter":"5km\/h","air":"58","pressure":"987","humidity":"86%"}
]]></system-out>
  </testcase>
  <testcase name="testGX(String)[4]" classname="com.test.test_case.GxGzTest" time="0.896">
    <system-out><![CDATA[百色:{"nums":52,"cityid":"101301001","city":"百色","date":"2023-09-12","week":"星期二","update_time":"21:55","wea":"阴","wea_img":"yin","tem":"25","tem_day":"30","tem_night":"24","win":"北风","win_speed":"1级","win_meter":"2km\/h","air":"48","pressure":"987","humidity":"96%"}
]]></system-out>
  </testcase>
  <testcase name="testGX(String)[5]" classname="com.test.test_case.GxGzTest" time="1.417">
    <system-out><![CDATA[玉林:{"nums":53,"cityid":"101300901","city":"玉林","date":"2023-09-12","week":"星期二","update_time":"21:53","wea":"阴","wea_img":"yin","tem":"25","tem_day":"31","tem_night":"24","win":"北风","win_speed":"2级","win_meter":"11km\/h","air":"49","pressure":"987","humidity":"97%"}
]]></system-out>
  </testcase>
  <testcase name="testGX(String)[6]" classname="com.test.test_case.GxGzTest" time="0.824">
    <system-out><![CDATA[贵港:{"nums":54,"cityid":"101300801","city":"贵港","date":"2023-09-12","week":"星期二","update_time":"21:47","wea":"阴","wea_img":"yin","tem":"25","tem_day":"29","tem_night":"24","win":"东北风","win_speed":"2级","win_meter":"9km\/h","air":"45","pressure":"995","humidity":"95%"}
]]></system-out>
  </testcase>
  <testcase name="testGZ(String)[1]" classname="com.test.test_case.GxGzTest" time="0.354">
    <system-out><![CDATA[广州:{"nums":55,"cityid":"101280101","city":"广州","date":"2023-09-12","week":"星期二","update_time":"21:45","wea":"多云","wea_img":"yun","tem":"27","tem_day":"29","tem_night":"25","win":"东南风","win_speed":"1级","win_meter":"3km\/h","air":"27","pressure":"1003","humidity":"89%"}
]]></system-out>
  </testcase>
  <testcase name="testGZ(String)[2]" classname="com.test.test_case.GxGzTest" time="0.332">
    <system-out><![CDATA[深圳:{"nums":56,"cityid":"101280601","city":"深圳","date":"2023-09-12","week":"星期二","update_time":"21:58","wea":"多云","wea_img":"yun","tem":"26","tem_day":"31","tem_night":"26","win":"东风","win_speed":"2级","win_meter":"6km\/h","air":"32","pressure":"1000","humidity":"86%"}
]]></system-out>
  </testcase>
  <testcase name="testGZ(String)[3]" classname="com.test.test_case.GxGzTest" time="0.274">
    <system-out><![CDATA[佛山:{"nums":57,"cityid":"101280800","city":"佛山","date":"2023-09-12","week":"星期二","update_time":"21:52","wea":"多云","wea_img":"yun","tem":"28","tem_day":"32","tem_night":"26","win":"东风","win_speed":"2级","win_meter":"7km\/h","air":"26","pressure":"1003","humidity":"82%"}
]]></system-out>
  </testcase>
  <testcase name="testGZ(String)[4]" classname="com.test.test_case.GxGzTest" time="0.409">
    <system-out><![CDATA[湛江:{"nums":58,"cityid":"101281001","city":"湛江","date":"2023-09-12","week":"星期二","update_time":"21:48","wea":"阴","wea_img":"yin","tem":"25","tem_day":"30","tem_night":"26","win":"北风","win_speed":"2级","win_meter":"11km\/h","air":"60","pressure":"999","humidity":"95%"}
]]></system-out>
  </testcase>
  <testcase name="testGZ(String)[5]" classname="com.test.test_case.GxGzTest" time="0.438">
    <system-out><![CDATA[茂名:{"nums":59,"cityid":"101282001","city":"茂名","date":"2023-09-12","week":"星期二","update_time":"21:52","wea":"多云","wea_img":"yun","tem":"27","tem_day":"32","tem_night":"25","win":"南风","win_speed":"2级","win_meter":"8km\/h","air":"39","pressure":"1002","humidity":"89%"}
]]></system-out>
  </testcase>
  <testcase name="testGZ(String)[6]" classname="com.test.test_case.GxGzTest" time="0.275">
    <system-out><![CDATA[清远:{"nums":60,"cityid":"101281301","city":"清远","date":"2023-09-12","week":"星期二","update_time":"21:47","wea":"多云","wea_img":"yun","tem":"26","tem_day":"31","tem_night":"25","win":"东风","win_speed":"2级","win_meter":"6km\/h","air":"32","pressure":"998","humidity":"92%"}
]]></system-out>
  </testcase>
  <testcase name="testJunit5" classname="com.test.test_case.GxGzTest" time="0.004">
    <system-out><![CDATA[testJunit5:hello world junit5
]]></system-out>
  </testcase>
</testsuite>